
 /----------------------------------------------------------------------------\
 |                                                                            |
 |  yosys -- Yosys Open SYnthesis Suite                                       |
 |                                                                            |
 |  Copyright (C) 2012 - 2020  Claire Wolf <claire@symbioticeda.com>          |
 |                                                                            |
 |  Permission to use, copy, modify, and/or distribute this software for any  |
 |  purpose with or without fee is hereby granted, provided that the above    |
 |  copyright notice and this permission notice appear in all copies.         |
 |                                                                            |
 |  THE SOFTWARE IS PROVIDED "AS IS" AND THE AUTHOR DISCLAIMS ALL WARRANTIES  |
 |  WITH REGARD TO THIS SOFTWARE INCLUDING ALL IMPLIED WARRANTIES OF          |
 |  MERCHANTABILITY AND FITNESS. IN NO EVENT SHALL THE AUTHOR BE LIABLE FOR   |
 |  ANY SPECIAL, DIRECT, INDIRECT, OR CONSEQUENTIAL DAMAGES OR ANY DAMAGES    |
 |  WHATSOEVER RESULTING FROM LOSS OF USE, DATA OR PROFITS, WHETHER IN AN     |
 |  ACTION OF CONTRACT, NEGLIGENCE OR OTHER TORTIOUS ACTION, ARISING OUT OF   |
 |  OR IN CONNECTION WITH THE USE OR PERFORMANCE OF THIS SOFTWARE.            |
 |                                                                            |
 \----------------------------------------------------------------------------/

 Yosys 0.9+3911 (open-tool-forge build) (git sha1 dcd9f0af, gcc 9.3.0-17ubuntu1~20.04 -Os)


-- Executing script file `../model/design.ys' --

1. Executing Verilog-2005 frontend: timer.v
Parsing formal SystemVerilog input from `timer.v' to AST representation.
Storing AST representation for module `$abstract\timer'.
Successfully finished Verilog frontend.

2. Executing PREP pass.

2.1. Executing HIERARCHY pass (managing design hierarchy).

2.2. Executing AST frontend in derive mode using pre-parsed AST for module `\timer'.
Generating RTLIL representation for module `\timer'.

2.2.1. Analyzing design hierarchy..
Top module:  \timer

2.2.2. Analyzing design hierarchy..
Top module:  \timer
Removing unused module `$abstract\timer'.
Removed 1 unused modules.
Module timer directly or indirectly contains formal properties -> setting "keep" attribute.

2.3. Executing PROC pass (convert processes to netlists).

2.3.1. Executing PROC_CLEAN pass (remove empty switches from decision trees).
Cleaned up 0 empty switches.

2.3.2. Executing PROC_RMDEAD pass (remove dead branches from decision trees).
Marked 2 switch rules as full_case in process $proc$timer.v:12$18 in module timer.
Removed a total of 0 dead cases.

2.3.3. Executing PROC_PRUNE pass (remove redundant assignments in processes).
Removed 0 redundant assignments.
Promoted 23 assignments to connections.

2.3.4. Executing PROC_INIT pass (extract init attributes).
Found init rule in `\timer.$proc$timer.v:0$77'.
  Set init value: $formal$timer.v:55$17_EN = 1'0
Found init rule in `\timer.$proc$timer.v:0$75'.
  Set init value: $formal$timer.v:50$16_EN = 1'0
Found init rule in `\timer.$proc$timer.v:0$73'.
  Set init value: $formal$timer.v:44$15_EN = 1'0
Found init rule in `\timer.$proc$timer.v:0$71'.
  Set init value: $formal$timer.v:42$14_EN = 1'0
Found init rule in `\timer.$proc$timer.v:0$69'.
  Set init value: $formal$timer.v:38$13_EN = 1'0
Found init rule in `\timer.$proc$timer.v:0$67'.
  Set init value: $formal$timer.v:28$12_EN = 1'0
Found init rule in `\timer.$proc$timer.v:25$63'.
  Set init value: \f_past_valid = 1'0

2.3.5. Executing PROC_ARST pass (detect async resets in processes).

2.3.6. Executing PROC_MUX pass (convert decision trees to multiplexers).
Creating decoders for process `\timer.$proc$timer.v:0$77'.
Creating decoders for process `\timer.$proc$timer.v:0$75'.
Creating decoders for process `\timer.$proc$timer.v:0$73'.
Creating decoders for process `\timer.$proc$timer.v:0$71'.
Creating decoders for process `\timer.$proc$timer.v:0$69'.
Creating decoders for process `\timer.$proc$timer.v:0$67'.
Creating decoders for process `\timer.$proc$timer.v:0$64'.
Creating decoders for process `\timer.$proc$timer.v:25$63'.
Creating decoders for process `\timer.$proc$timer.v:28$22'.
     1/8: $0$formal$timer.v:42$14_EN[0:0]$37
     2/8: $0$formal$timer.v:42$14_CHECK[0:0]$36
     3/8: $0$formal$timer.v:44$15_EN[0:0]$39
     4/8: $0$formal$timer.v:44$15_CHECK[0:0]$38
     5/8: $0$formal$timer.v:50$16_EN[0:0]$41
     6/8: $0$formal$timer.v:50$16_CHECK[0:0]$40
     7/8: $0$formal$timer.v:55$17_EN[0:0]$43
     8/8: $0$formal$timer.v:55$17_CHECK[0:0]$42
Creating decoders for process `\timer.$proc$timer.v:12$18'.
     1/1: $0\counter[15:0]

2.3.7. Executing PROC_DLATCH pass (convert process syncs to latches).
No latch inferred for signal `\timer.$formal$timer.v:27$10_CHECK' from process `\timer.$proc$timer.v:0$64'.
No latch inferred for signal `\timer.$formal$timer.v:27$10_EN' from process `\timer.$proc$timer.v:0$64'.

2.3.8. Executing PROC_DFF pass (convert process syncs to FFs).
Creating register for signal `\timer.\f_past_valid' using process `\timer.$proc$timer.v:28$22'.
  created $dff cell `$procdff$115' with positive edge clock.
Creating register for signal `\timer.$past$timer.v:41$1$0' using process `\timer.$proc$timer.v:28$22'.
  created $dff cell `$procdff$116' with positive edge clock.
Creating register for signal `\timer.$past$timer.v:42$2$0' using process `\timer.$proc$timer.v:28$22'.
  created $dff cell `$procdff$117' with positive edge clock.
Creating register for signal `\timer.$past$timer.v:49$3$0' using process `\timer.$proc$timer.v:28$22'.
  created $dff cell `$procdff$118' with positive edge clock.
Creating register for signal `\timer.$past$timer.v:49$4$0' using process `\timer.$proc$timer.v:28$22'.
  created $dff cell `$procdff$119' with positive edge clock.
Creating register for signal `\timer.$past$timer.v:50$5$0' using process `\timer.$proc$timer.v:28$22'.
  created $dff cell `$procdff$120' with positive edge clock.
Creating register for signal `\timer.$past$timer.v:54$6$0' using process `\timer.$proc$timer.v:28$22'.
  created $dff cell `$procdff$121' with positive edge clock.
Creating register for signal `\timer.$past$timer.v:54$7$0' using process `\timer.$proc$timer.v:28$22'.
  created $dff cell `$procdff$122' with positive edge clock.
Creating register for signal `\timer.$past$timer.v:54$8$0' using process `\timer.$proc$timer.v:28$22'.
  created $dff cell `$procdff$123' with positive edge clock.
Creating register for signal `\timer.$past$timer.v:55$9$0' using process `\timer.$proc$timer.v:28$22'.
  created $dff cell `$procdff$124' with positive edge clock.
Creating register for signal `\timer.$formal$timer.v:28$12_CHECK' using process `\timer.$proc$timer.v:28$22'.
  created $dff cell `$procdff$125' with positive edge clock.
Creating register for signal `\timer.$formal$timer.v:28$12_EN' using process `\timer.$proc$timer.v:28$22'.
  created $dff cell `$procdff$126' with positive edge clock.
Creating register for signal `\timer.$formal$timer.v:38$13_CHECK' using process `\timer.$proc$timer.v:28$22'.
  created $dff cell `$procdff$127' with positive edge clock.
Creating register for signal `\timer.$formal$timer.v:38$13_EN' using process `\timer.$proc$timer.v:28$22'.
  created $dff cell `$procdff$128' with positive edge clock.
Creating register for signal `\timer.$formal$timer.v:42$14_CHECK' using process `\timer.$proc$timer.v:28$22'.
  created $dff cell `$procdff$129' with positive edge clock.
Creating register for signal `\timer.$formal$timer.v:42$14_EN' using process `\timer.$proc$timer.v:28$22'.
  created $dff cell `$procdff$130' with positive edge clock.
Creating register for signal `\timer.$formal$timer.v:44$15_CHECK' using process `\timer.$proc$timer.v:28$22'.
  created $dff cell `$procdff$131' with positive edge clock.
Creating register for signal `\timer.$formal$timer.v:44$15_EN' using process `\timer.$proc$timer.v:28$22'.
  created $dff cell `$procdff$132' with positive edge clock.
Creating register for signal `\timer.$formal$timer.v:50$16_CHECK' using process `\timer.$proc$timer.v:28$22'.
  created $dff cell `$procdff$133' with positive edge clock.
Creating register for signal `\timer.$formal$timer.v:50$16_EN' using process `\timer.$proc$timer.v:28$22'.
  created $dff cell `$procdff$134' with positive edge clock.
Creating register for signal `\timer.$formal$timer.v:55$17_CHECK' using process `\timer.$proc$timer.v:28$22'.
  created $dff cell `$procdff$135' with positive edge clock.
Creating register for signal `\timer.$formal$timer.v:55$17_EN' using process `\timer.$proc$timer.v:28$22'.
  created $dff cell `$procdff$136' with positive edge clock.
Creating register for signal `\timer.\counter' using process `\timer.$proc$timer.v:12$18'.
  created $dff cell `$procdff$137' with positive edge clock.

2.3.9. Executing PROC_CLEAN pass (remove empty switches from decision trees).
Removing empty process `timer.$proc$timer.v:0$77'.
Removing empty process `timer.$proc$timer.v:0$75'.
Removing empty process `timer.$proc$timer.v:0$73'.
Removing empty process `timer.$proc$timer.v:0$71'.
Removing empty process `timer.$proc$timer.v:0$69'.
Removing empty process `timer.$proc$timer.v:0$67'.
Removing empty process `timer.$proc$timer.v:0$64'.
Removing empty process `timer.$proc$timer.v:25$63'.
Found and cleaned up 7 empty switches in `\timer.$proc$timer.v:28$22'.
Removing empty process `timer.$proc$timer.v:28$22'.
Found and cleaned up 3 empty switches in `\timer.$proc$timer.v:12$18'.
Removing empty process `timer.$proc$timer.v:12$18'.
Cleaned up 10 empty switches.

2.4. Executing OPT_EXPR pass (perform const folding).
Optimizing module timer.
<suppressed ~2 debug messages>

2.5. Executing OPT_CLEAN pass (remove unused cells and wires).
Finding unused cells or wires in module \timer..
Removed 1 unused cells and 53 unused wires.
<suppressed ~2 debug messages>

2.6. Executing CHECK pass (checking for obvious problems).
Checking module timer...
Found and reported 0 problems.

2.7. Executing OPT pass (performing simple optimizations).

2.7.1. Executing OPT_EXPR pass (perform const folding).
Optimizing module timer.

2.7.2. Executing OPT_MERGE pass (detect identical cells).
Finding identical cells in module `\timer'.
<suppressed ~24 debug messages>
Removed a total of 8 cells.

2.7.3. Executing OPT_MUXTREE pass (detect dead branches in mux trees).
Running muxtree optimizer on module \timer..
  Creating internal representation of mux trees.
  Evaluating internal representation of mux trees.
  Analyzing evaluation results.
Removed 0 multiplexer ports.
<suppressed ~9 debug messages>

2.7.4. Executing OPT_REDUCE pass (consolidate $*mux and $reduce_* inputs).
  Optimizing cells in module \timer.
Performed a total of 0 changes.

2.7.5. Executing OPT_MERGE pass (detect identical cells).
Finding identical cells in module `\timer'.
Removed a total of 0 cells.

2.7.6. Executing OPT_CLEAN pass (remove unused cells and wires).
Finding unused cells or wires in module \timer..
Removed 0 unused cells and 8 unused wires.
<suppressed ~1 debug messages>

2.7.7. Executing OPT_EXPR pass (perform const folding).
Optimizing module timer.

2.7.8. Rerunning OPT passes. (Maybe there is more to do..)

2.7.9. Executing OPT_MUXTREE pass (detect dead branches in mux trees).
Running muxtree optimizer on module \timer..
  Creating internal representation of mux trees.
  Evaluating internal representation of mux trees.
  Analyzing evaluation results.
Removed 0 multiplexer ports.
<suppressed ~9 debug messages>

2.7.10. Executing OPT_REDUCE pass (consolidate $*mux and $reduce_* inputs).
  Optimizing cells in module \timer.
Performed a total of 0 changes.

2.7.11. Executing OPT_MERGE pass (detect identical cells).
Finding identical cells in module `\timer'.
Removed a total of 0 cells.

2.7.12. Executing OPT_CLEAN pass (remove unused cells and wires).
Finding unused cells or wires in module \timer..

2.7.13. Executing OPT_EXPR pass (perform const folding).
Optimizing module timer.

2.7.14. Finished OPT passes. (There is nothing left to do.)

2.8. Executing WREDUCE pass (reducing word size of cells).
Removed top 31 bits (of 32) from port B of cell timer.$gt$timer.v:17$19 ($gt).
Removed top 31 bits (of 32) from port B of cell timer.$gt$timer.v:31$44 ($gt).
Removed top 31 bits (of 32) from port B of cell timer.$sub$timer.v:55$58 ($sub).
Removed top 15 bits (of 32) from port Y of cell timer.$sub$timer.v:55$58 ($sub).

2.9. Executing MEMORY_DFF pass (merging $dff cells to $memrd and $memwr).

2.10. Executing OPT_CLEAN pass (remove unused cells and wires).
Finding unused cells or wires in module \timer..

2.11. Executing MEMORY_COLLECT pass (generating $mem cells).

2.12. Executing OPT pass (performing simple optimizations).

2.12.1. Executing OPT_EXPR pass (perform const folding).
Optimizing module timer.

2.12.2. Executing OPT_MERGE pass (detect identical cells).
Finding identical cells in module `\timer'.
Removed a total of 0 cells.

2.12.3. Executing OPT_CLEAN pass (remove unused cells and wires).
Finding unused cells or wires in module \timer..

2.12.4. Finished fast OPT passes.

2.13. Printing statistics.

=== timer ===

   Number of wires:                 55
   Number of wire bits:            206
   Number of public wires:           7
   Number of public wire bits:      37
   Number of memories:               0
   Number of memory bits:            0
   Number of processes:              0
   Number of cells:                 58
     $assert                         3
     $assume                         2
     $cover                          2
     $dff                           17
     $eq                             2
     $gt                             2
     $initstate                      1
     $logic_and                      5
     $logic_not                      4
     $mux                           17
     $reduce_bool                    1
     $sub                            2

2.14. Executing CHECK pass (checking for obvious problems).
Checking module timer...
Found and reported 0 problems.

3. Executing MEMORY_NORDFF pass (extracting $dff cells from memories).

4. Executing ASYNC2SYNC pass.

5. Executing OPT_CLEAN pass (remove unused cells and wires).
Finding unused cells or wires in module \timer..
Removed 12 unused cells and 11 unused wires.
<suppressed ~13 debug messages>

6. Executing SETUNDEF pass (replace undef values with defined constants).

7. Executing OPT pass (performing simple optimizations).

7.1. Executing OPT_EXPR pass (perform const folding).
Optimizing module timer.

7.2. Executing OPT_MERGE pass (detect identical cells).
Finding identical cells in module `\timer'.
Removed a total of 0 cells.

7.3. Executing OPT_DFF pass (perform DFF optimizations).
Adding SRST signal on $procdff$137 ($dff) from module timer (D = $procmux$110_Y, Q = \counter, rval = 16'0000000000000000).
Adding EN signal on $auto$opt_dff.cc:702:run$148 ($sdff) from module timer (D = $procmux$110_Y, Q = \counter).
Adding SRST signal on $procdff$136 ($dff) from module timer (D = $procmux$99_Y, Q = $formal$timer.v:55$17_EN, rval = 1'0).
Adding SRST signal on $procdff$134 ($dff) from module timer (D = $procmux$91_Y, Q = $formal$timer.v:50$16_EN, rval = 1'0).

7.4. Executing OPT_CLEAN pass (remove unused cells and wires).
Finding unused cells or wires in module \timer..
Removed 3 unused cells and 3 unused wires.
<suppressed ~4 debug messages>

7.5. Rerunning OPT passes. (Removed registers in this run.)

7.6. Executing OPT_EXPR pass (perform const folding).
Optimizing module timer.
<suppressed ~1 debug messages>

7.7. Executing OPT_MERGE pass (detect identical cells).
Finding identical cells in module `\timer'.
Removed a total of 0 cells.

7.8. Executing OPT_DFF pass (perform DFF optimizations).

7.9. Executing OPT_CLEAN pass (remove unused cells and wires).
Finding unused cells or wires in module \timer..

7.10. Finished fast OPT passes.

8. Executing CHECK pass (checking for obvious problems).
Checking module timer...
Found and reported 0 problems.

9. Executing HIERARCHY pass (managing design hierarchy).

9.1. Analyzing design hierarchy..
Top module:  \timer

9.2. Analyzing design hierarchy..
Top module:  \timer
Removed 0 unused modules.
Module timer directly or indirectly contains formal properties -> setting "keep" attribute.

10. Executing RTLIL backend.
Output filename: ../model/design.il

End of script. Logfile hash: 0c152318bd, CPU: user 0.03s system 0.01s, MEM: 8.64 MB peak
Yosys 0.9+3911 (open-tool-forge build) (git sha1 dcd9f0af, gcc 9.3.0-17ubuntu1~20.04 -Os)
Time spent: 28% 8x opt_clean (0 sec), 23% 7x opt_expr (0 sec), ...
